<?xml version="1.0" encoding="UTF-8"?>
<testsuite xmlns:xsi="http://www.w3.org/2001/XMLSchema-instance" xsi:noNamespaceSchemaLocation="https://maven.apache.org/surefire/maven-surefire-plugin/xsd/surefire-test-report.xsd" name="stepdef.CukesRunnerTest" time="63.86" tests="28" errors="0" skipped="0" failures="0">
  <properties>
[...]
</properties>
  <testcase name="Given I am on the forecast page" classname="| Edinburgh |" time="0.004"/>
  <testcase name="When I enter the city name &quot;Edinburgh&quot;" classname="| Edinburgh |" time="0"/>
  <testcase name="Then a 5 day forecast will be displayed" classname="| Edinburgh |" time="0"/>
  <testcase name="| Edinburgh |" classname="| Edinburgh |" time="0.443"/>
  <testcase name="Given I am on the forecast page" classname="| Dundee |" time="0"/>
  <testcase name="When I enter the city name &quot;Dundee&quot;" classname="| Dundee |" time="0"/>
  <testcase name="Then a 5 day forecast will be displayed" classname="| Dundee |" time="0"/>
  <testcase name="| Dundee |" classname="| Dundee |" time="0.487"/>
  <testcase name="Given I am on the forecast page" classname="| Aberdeen |" time="0"/>
  <testcase name="When I enter the city name &quot;Aberdeen&quot;" classname="| Aberdeen |" time="0"/>
  <testcase name="Then a 5 day forecast will be displayed" classname="| Aberdeen |" time="0"/>
  <testcase name="| Aberdeen |" classname="| Aberdeen |" time="0.42"/>
  <testcase name="Given I am on the forecast page" classname="| gLaSgOw |" time="0"/>
  <testcase name="When I enter the city name &quot;gLaSgOw&quot;" classname="| gLaSgOw |" time="0"/>
  <testcase name="Then a 5 day forecast will be displayed" classname="| gLaSgOw |" time="0"/>
  <testcase name="| gLaSgOw |" classname="| gLaSgOw |" time="0.375"/>
  <testcase name="Given I am on the forecast page" classname="| Arakis |" time="0"/>
  <testcase name="When I enter the city name &quot;Arakis&quot;" classname="| Arakis |" time="0"/>
  <testcase name="Then a error message is displayed" classname="| Arakis |" time="0"/>
  <testcase name="| Arakis |" classname="| Arakis |" time="0.397"/>
  <testcase name="Given I am on the forecast page" classname="| 12345 |" time="0"/>
  <testcase name="When I enter the city name &quot;12345&quot;" classname="| 12345 |" time="0"/>
  <testcase name="Then a error message is displayed" classname="| 12345 |" time="0"/>
  <testcase name="| 12345 |" classname="| 12345 |" time="0.345"/>
  <testcase name="Given I am on the forecast page" classname="| Edin Burgh |" time="0"/>
  <testcase name="When I enter the city name &quot;Edin Burgh&quot;" classname="| Edin Burgh |" time="0"/>
  <testcase name="Then a error message is displayed" classname="| Edin Burgh |" time="0"/>
  <testcase name="| Edin Burgh |" classname="| Edin Burgh |" time="0.325"/>
</testsuite>